<?xml version="1.0" encoding="UTF-8"?>
<!-- Generated by org.testng.reporters.JUnitXMLReporter -->
<testsuite ignored="0" hostname="DESKTOP-IDNTON3" failures="1" tests="7" name="Test" time="35.213" errors="0" timestamp="09 May 2019 06:20:42 GMT">
  <testcase classname="crm.qa.loginTestcase.HomePageTest" name="@BeforeMethod Setup" time="4.71">
    <failure type="java.lang.IllegalArgumentException" message="Keys to send should be a not null CharSequence">
      <![CDATA[java.lang.IllegalArgumentException: Keys to send should be a not null CharSequence
	at org.openqa.selenium.remote.RemoteWebElement.sendKeys(RemoteWebElement.java:97)
	at org.openqa.selenium.support.pagefactory.internal.LocatingElementHandler.invoke(LocatingElementHandler.java:51)
	at com.sun.proxy.$Proxy12.sendKeys(Unknown Source)
	at crm.qa.page.LoginPage.login(LoginPage.java:82)
	at crm.qa.loginTestcase.HomePageTest.Setup(HomePageTest.java:35)
... Removed 31 stack frames]]>
    </failure>
  </testcase> <!-- @BeforeMethod Setup -->
  <testcase classname="crm.qa.loginTestcase.HomePageTest" name="@BeforeMethod Setup" time="0.0">
    <skipped/>
  </testcase> <!-- @BeforeMethod Setup -->
  <testcase classname="crm.qa.loginTestcase.LoginPageTestCase" name="loginACCpageTitle" time="0.051"/>
  <testcase classname="crm.qa.loginTestcase.HomePageTest" name="ValidateHomePageTitle" time="0.0">
    <skipped/>
  </testcase> <!-- ValidateHomePageTitle -->
  <testcase classname="crm.qa.loginTestcase.LoginPageTestCase" name="ACCLogoImage" time="0.12"/>
  <testcase classname="crm.qa.loginTestcase.HomePageTest" name="verifyUserName" time="0.0">
    <skipped/>
  </testcase> <!-- verifyUserName -->
  <testcase classname="crm.qa.loginTestcase.LoginPageTestCase" name="validateBottamTest" time="0.045"/>
  <testcase classname="crm.qa.loginTestcase.LoginPageTestCase" name="companyLogoImage" time="0.043"/>
  <testcase classname="crm.qa.loginTestcase.LoginPageTestCase" name="loginTest" time="0.09">
    <failure type="java.lang.IllegalArgumentException" message="Keys to send should be a not null CharSequence">
      <![CDATA[java.lang.IllegalArgumentException: Keys to send should be a not null CharSequence
	at org.openqa.selenium.remote.RemoteWebElement.sendKeys(RemoteWebElement.java:97)
	at org.openqa.selenium.support.pagefactory.internal.LocatingElementHandler.invoke(LocatingElementHandler.java:51)
	at com.sun.proxy.$Proxy12.sendKeys(Unknown Source)
	at crm.qa.page.LoginPage.login(LoginPage.java:82)
	at crm.qa.loginTestcase.LoginPageTestCase.loginTest(LoginPageTestCase.java:87)
... Removed 29 stack frames]]>
    </failure>
  </testcase> <!-- loginTest -->
</testsuite> <!-- Test -->
