<?xml version="1.0" encoding="UTF-8"?>
<testng-results ignored="0" total="3" passed="1" failed="1" skipped="1">
  <reporter-output>
  </reporter-output>
  <suite started-at="2020-04-11T15:28:32Z" name="ATC_Suite" finished-at="2020-04-11T15:30:33Z" duration-ms="120850">
    <groups>
    </groups>
    <test started-at="2020-04-11T15:28:32Z" name="ATC_Test" finished-at="2020-04-11T15:30:33Z" duration-ms="120850">
      <class name="crm.qa.ProductPageTest.Product_PageTest">
        <test-method is-config="true" signature="setup()[pri:0, instance:crm.qa.ProductPageTest.Product_PageTest@3b2cf7ab]" started-at="2020-04-11T20:58:33Z" name="setup" finished-at="2020-04-11T20:59:07Z" duration-ms="34540" status="PASS">
          <reporter-output>
          </reporter-output>
        </test-method> <!-- setup -->
        <test-method signature="ProductQtyAdd(java.lang.String, java.lang.String, java.lang.String, java.lang.String, java.lang.String, java.lang.String)[pri:1, instance:crm.qa.ProductPageTest.Product_PageTest@3b2cf7ab]" started-at="2020-04-11T20:59:07Z" name="ProductQtyAdd" data-provider="get_Product_SearchTestData" finished-at="2020-04-11T20:59:29Z" duration-ms="21307" status="PASS">
          <params>
            <param index="0">
              <value>
                <![CDATA[Positive]]>
              </value>
            </param>
            <param index="1">
              <value>
                <![CDATA[Verify that user is able to search the product and place the order. and the product should be add in the cart and verify the price.]]>
              </value>
            </param>
            <param index="2">
              <value>
                <![CDATA[amul butter]]>
              </value>
            </param>
            <param index="3">
              <value>
                <![CDATA[1]]>
              </value>
            </param>
            <param index="4">
              <value>
                <![CDATA[2]]>
              </value>
            </param>
            <param index="5">
              <value>
                <![CDATA[â‚¹94.00]]>
              </value>
            </param>
          </params>
          <reporter-output>
          </reporter-output>
        </test-method> <!-- ProductQtyAdd -->
        <test-method is-config="true" signature="tearDown()[pri:0, instance:crm.qa.ProductPageTest.Product_PageTest@3b2cf7ab]" started-at="2020-04-11T20:59:29Z" name="tearDown" finished-at="2020-04-11T20:59:30Z" duration-ms="759" status="PASS">
          <reporter-output>
          </reporter-output>
        </test-method> <!-- tearDown -->
        <test-method is-config="true" signature="setup()[pri:0, instance:crm.qa.ProductPageTest.Product_PageTest@3b2cf7ab]" started-at="2020-04-11T20:59:30Z" name="setup" finished-at="2020-04-11T21:00:07Z" duration-ms="37032" status="PASS">
          <reporter-output>
          </reporter-output>
        </test-method> <!-- setup -->
        <test-method signature="ProductAndVerifyDescription(java.lang.String, java.lang.String, java.lang.String, java.lang.String, java.lang.String)[pri:2, instance:crm.qa.ProductPageTest.Product_PageTest@3b2cf7ab]" started-at="2020-04-11T21:00:07Z" name="ProductAndVerifyDescription" data-provider="get_ProductVerification_TestData" finished-at="2020-04-11T21:00:32Z" duration-ms="25586" status="FAIL">
          <params>
            <param index="0">
              <value>
                <![CDATA[Positive]]>
              </value>
            </param>
            <param index="1">
              <value>
                <![CDATA[Verify that user is able to search the product and verify the product description.]]>
              </value>
            </param>
            <param index="2">
              <value>
                <![CDATA[Aashirvaad Sudh Chakki atta 10 kg (pc)]]>
              </value>
            </param>
            <param index="3">
              <value>
                <![CDATA[DAL, ATTA & RICE
]]>
              </value>
            </param>
            <param index="4">
              <value>
                <![CDATA[Aashirvaad Sudh Chakki atta 10 kg (pc) 44]]>
              </value>
            </param>
          </params>
          <exception class="java.lang.AssertionError">
            <message>
              <![CDATA[expected [true] but found [false]]]>
            </message>
            <full-stacktrace>
              <![CDATA[java.lang.AssertionError: expected [true] but found [false]
	at org.testng.Assert.fail(Assert.java:93)
	at org.testng.Assert.failNotEquals(Assert.java:512)
	at org.testng.Assert.assertTrue(Assert.java:41)
	at org.testng.Assert.assertTrue(Assert.java:51)
	at crm.qa.Pages.ProductPage.SearchProductAndVerifyDescription(ProductPage.java:297)
	at crm.qa.ProductPageTest.Product_PageTest.ProductAndVerifyDescription(Product_PageTest.java:108)
	at java.base/jdk.internal.reflect.NativeMethodAccessorImpl.invoke0(Native Method)
	at java.base/jdk.internal.reflect.NativeMethodAccessorImpl.invoke(NativeMethodAccessorImpl.java:62)
	at java.base/jdk.internal.reflect.DelegatingMethodAccessorImpl.invoke(DelegatingMethodAccessorImpl.java:43)
	at java.base/java.lang.reflect.Method.invoke(Method.java:567)
	at org.testng.internal.MethodInvocationHelper.invokeMethod(MethodInvocationHelper.java:108)
	at org.testng.internal.Invoker.invokeMethod(Invoker.java:661)
	at org.testng.internal.Invoker.invokeTestMethod(Invoker.java:869)
	at org.testng.internal.Invoker.invokeTestMethods(Invoker.java:1193)
	at org.testng.internal.TestMethodWorker.invokeTestMethods(TestMethodWorker.java:126)
	at org.testng.internal.TestMethodWorker.run(TestMethodWorker.java:109)
	at org.testng.TestRunner.privateRun(TestRunner.java:744)
	at org.testng.TestRunner.run(TestRunner.java:602)
	at org.testng.SuiteRunner.runTest(SuiteRunner.java:380)
	at org.testng.SuiteRunner.runSequentially(SuiteRunner.java:375)
	at org.testng.SuiteRunner.privateRun(SuiteRunner.java:340)
	at org.testng.SuiteRunner.run(SuiteRunner.java:289)
	at org.testng.SuiteRunnerWorker.runSuite(SuiteRunnerWorker.java:52)
	at org.testng.SuiteRunnerWorker.run(SuiteRunnerWorker.java:86)
	at org.testng.TestNG.runSuitesSequentially(TestNG.java:1301)
	at org.testng.TestNG.runSuitesLocally(TestNG.java:1226)
	at org.testng.TestNG.runSuites(TestNG.java:1144)
	at org.testng.TestNG.run(TestNG.java:1115)
	at org.testng.remote.AbstractRemoteTestNG.run(AbstractRemoteTestNG.java:115)
	at org.testng.remote.RemoteTestNG.initAndRun(RemoteTestNG.java:251)
	at org.testng.remote.RemoteTestNG.main(RemoteTestNG.java:77)
]]>
            </full-stacktrace>
          </exception> <!-- java.lang.AssertionError -->
          <reporter-output>
          </reporter-output>
        </test-method> <!-- ProductAndVerifyDescription -->
        <test-method is-config="true" signature="tearDown()[pri:0, instance:crm.qa.ProductPageTest.Product_PageTest@3b2cf7ab]" started-at="2020-04-11T21:00:32Z" name="tearDown" finished-at="2020-04-11T21:00:33Z" duration-ms="741" status="PASS">
          <reporter-output>
          </reporter-output>
        </test-method> <!-- tearDown -->
        <test-method signature="selectSubMenu(java.lang.String, java.lang.String, java.lang.String, java.lang.String)[pri:3, instance:crm.qa.ProductPageTest.Product_PageTest@3b2cf7ab]" started-at="2020-04-11T21:00:33Z" name="selectSubMenu" data-provider="get_SubModuleTestData" finished-at="2020-04-11T21:00:33Z" depends-on-methods="crm.qa.ProductPageTest.Product_PageTest.ProductAndVerifyDescription" duration-ms="0" status="SKIP">
          <exception class="java.lang.Throwable">
            <message>
              <![CDATA[Method Product_PageTest.selectSubMenu(java.lang.String, java.lang.String, java.lang.String, java.lang.String)[pri:3, instance:crm.qa.ProductPageTest.Product_PageTest@3b2cf7ab] depends on not successfully finished methods]]>
            </message>
            <full-stacktrace>
              <![CDATA[java.lang.Throwable: Method Product_PageTest.selectSubMenu(java.lang.String, java.lang.String, java.lang.String, java.lang.String)[pri:3, instance:crm.qa.ProductPageTest.Product_PageTest@3b2cf7ab] depends on not successfully finished methods
	at org.testng.internal.Invoker.invokeTestMethods(Invoker.java:1084)
	at org.testng.internal.TestMethodWorker.invokeTestMethods(TestMethodWorker.java:126)
	at org.testng.internal.TestMethodWorker.run(TestMethodWorker.java:109)
	at org.testng.TestRunner.privateRun(TestRunner.java:744)
	at org.testng.TestRunner.run(TestRunner.java:602)
	at org.testng.SuiteRunner.runTest(SuiteRunner.java:380)
	at org.testng.SuiteRunner.runSequentially(SuiteRunner.java:375)
	at org.testng.SuiteRunner.privateRun(SuiteRunner.java:340)
	at org.testng.SuiteRunner.run(SuiteRunner.java:289)
	at org.testng.SuiteRunnerWorker.runSuite(SuiteRunnerWorker.java:52)
	at org.testng.SuiteRunnerWorker.run(SuiteRunnerWorker.java:86)
	at org.testng.TestNG.runSuitesSequentially(TestNG.java:1301)
	at org.testng.TestNG.runSuitesLocally(TestNG.java:1226)
	at org.testng.TestNG.runSuites(TestNG.java:1144)
	at org.testng.TestNG.run(TestNG.java:1115)
	at org.testng.remote.AbstractRemoteTestNG.run(AbstractRemoteTestNG.java:115)
	at org.testng.remote.RemoteTestNG.initAndRun(RemoteTestNG.java:251)
	at org.testng.remote.RemoteTestNG.main(RemoteTestNG.java:77)
]]>
            </full-stacktrace>
          </exception> <!-- java.lang.Throwable -->
          <reporter-output>
          </reporter-output>
        </test-method> <!-- selectSubMenu -->
      </class> <!-- crm.qa.ProductPageTest.Product_PageTest -->
    </test> <!-- ATC_Test -->
  </suite> <!-- ATC_Suite -->
</testng-results>
